This is pdfTeX, Version 3.141592653-2.6-1.40.28 (TeX Live 2025) (preloaded format=pdflatex 2025.7.10)  10 JUL 2025 20:48
entering extended mode
 restricted \write18 enabled.
 %&-line parsing enabled.
**/home/sthu/Music/bleib/aw/_extensions/hubchev/apaquarto/apatemplate.tex
(/home/sthu/Music/bleib/aw/_extensions/hubchev/apaquarto/apatemplate.tex
LaTeX2e <2025-06-01> patch level 1
L3 programming layer <2025-06-30>

! LaTeX Error: Missing \begin{document}.

See the LaTeX manual or LaTeX Companion for explanation.
Type  H <return>  for immediate help.
 ...                                              
                                                  
l.1 $
     doc-class.tex()$
You're in trouble here.  Try typing  <return>  to proceed.
If that doesn't work, type  X <return>  to quit.

 
Here is how much of TeX's memory you used:
 16 strings out of 469773
 659 string characters out of 5481398
 427005 words of memory out of 5000000
 28483 multiletter control sequences out of 15000+600000
 626825 words of font info for 40 fonts, out of 8000000 for 9000
 14 hyphenation exceptions out of 8191
 15i,0n,18p,124b,14s stack positions out of 10000i,1000n,20000p,200000b,200000s
!  ==> Fatal error occurred, no output PDF file produced!
